Vivado Simulator 2019.2
Copyright 1986-1999, 2001-2019 Xilinx, Inc. All Rights Reserved.
Running: V:/Vivado/2019.2/bin/unwrapped/win64.o/xelab.exe -wto fe4217ba67bb40fba336bb0db965a731 --incr --debug typical --relax --mt 2 -L xil_defaultlib -L secureip --snapshot Testbench_behav xil_defaultlib.Testbench -log elaborate.log 
Using 2 slave threads.
Starting static elaboration
Completed static elaboration
Starting simulation data flow analysis
Completed simulation data flow analysis
Time Resolution for simulation is 1ps
Compiling package std.standard
Compiling package std.textio
Compiling package ieee.std_logic_1164
Compiling package ieee.numeric_std
Compiling architecture behavioral of entity xil_defaultlib.SL2R [\SL2R(n=8)\]
Compiling architecture behavioral of entity xil_defaultlib.SL1R [\SL1R(n=8)\]
Compiling architecture behavioral of entity xil_defaultlib.FDN [\FDN(n=8)\]
Compiling architecture behavioral of entity xil_defaultlib.ALU [\ALU(n=8)\]
Compiling architecture behavioral of entity xil_defaultlib.FD [fd_default]
Compiling architecture behavioral of entity xil_defaultlib.comenzi [\comenzi(n=8)\]
Compiling architecture behavioral of entity xil_defaultlib.main [main_default]
Compiling architecture behavioral of entity xil_defaultlib.testbench
Built simulation snapshot Testbench_behav
